<?xml version='1.0' encoding='UTF-8' ?>
<testsuite name="com.example.encryptednotes.ui.DeleteDialogTest" tests="1" failures="1" errors="0" skipped="0" time="1.03" timestamp="2024-11-21T23:50:45" hostname="localhost">
  <properties>
    <property name="device" value="Pixel_8_API_35(AVD) - 15" />
    <property name="flavor" value="" />
    <property name="project" value=":app" />
  </properties>
  <testcase name="testNewInstance" classname="com.example.encryptednotes.ui.DeleteDialogTest" time="0.047">
    <failure>java.lang.RuntimeException: Unable to resolve activity for: Intent { act=android.intent.action.MAIN cat=[android.intent.category.LAUNCHER] cmp=com.example.encryptednotes/androidx.fragment.app.testing.EmptyFragmentActivity (has extras) }
at androidx.test.core.app.InstrumentationActivityInvoker.startActivity(InstrumentationActivityInvoker.java:399)
at androidx.test.core.app.InstrumentationActivityInvoker.startActivity(InstrumentationActivityInvoker.java:422)
at androidx.test.core.app.ActivityScenario.launchInternal(ActivityScenario.java:362)
at androidx.test.core.app.ActivityScenario.launch(ActivityScenario.java:235)
at androidx.fragment.app.testing.FragmentScenario$Companion.internalLaunch$fragment_testing_release(FragmentScenario.kt:521)
at androidx.fragment.app.testing.FragmentScenario$Companion.launchInContainer(FragmentScenario.kt:492)
at com.example.encryptednotes.ui.DeleteDialogTest.testNewInstance(DeleteDialogTest.kt:52)
</failure>
  </testcase>
</testsuite>